This is pdfTeX, Version 3.14159265-2.6-1.40.20 (TeX Live 2019) (preloaded format=pdflatex 2019.12.28)  29 DEC 2019 10:31
entering extended mode
 restricted \write18 enabled.
 file:line:error style messages enabled.
 %&-line parsing enabled.
**new_file.ltx
(./new_file.ltx
LaTeX2e <2018-12-01>
(/usr/local/texlive/2019/texmf-dist/tex/platex/jsclasses/jsarticle.cls

/usr/local/texlive/2019/texmf-dist/tex/platex/jsclasses/jsarticle.cls:26: LaTeX
 Error: This file needs format `pLaTeX2e'
               but this is `LaTeX2e'.

See the LaTeX manual or LaTeX Companion for explanation.
Type  H <return>  for immediate help.
 ...                                              
                                                  
l.26 \NeedsTeXFormat{pLaTeX2e}
                              
? 
/usr/local/texlive/2019/texmf-dist/tex/platex/jsclasses/jsarticle.cls:26: Emerg
ency stop.
 ...                                              
                                                  
l.26 \NeedsTeXFormat{pLaTeX2e}
                              
The current input file will not be processed further,
because it was written for some other flavor of TeX.
You're in trouble here.  Try typing  <return>  to proceed.
If that doesn't work, type  X <return>  to quit.

 
Here is how much of TeX's memory you used:
 14 strings out of 492616
 569 string characters out of 6129480
 57905 words of memory out of 5000000
 4028 multiletter control sequences out of 15000+600000
 3640 words of font info for 14 fonts, out of 8000000 for 9000
 1141 hyphenation exceptions out of 8191
 13i,0n,8p,131b,14s stack positions out of 5000i,500n,10000p,200000b,80000s
/usr/local/texlive/2019/texmf-dist/tex/platex/jsclasses/jsarticle.cls:26:  ==> 
Fatal error occurred, no output PDF file produced!
