This is e-upTeX, Version 3.14159265-p3.8.2-u1.24-190131-2.6 (utf8.uptex) (TeX Live 2019) (preloaded format=uplatex 2019.12.28)  13 JAN 2020 23:15
entering extended mode
 restricted \write18 enabled.
 file:line:error style messages enabled.
 %&-line parsing enabled.
**chapter-a-a.ltx
(./chapter-a-a.ltx
pLaTeX2e <2019-04-06u02> (based on LaTeX2e <2018-12-01>)
(/usr/local/texlive/2019/texmf-dist/tex/platex/jsclasses/jsbook.cls
Document Class: jsbook 2019/04/06 jsclasses (okumura, texjporg)
\jsc@mpt=\dimen118
\jsc@mmm=\dimen119
\jsc@smallskipamount=\skip41
LaTeX Info: Redefining \rmfamily on input line 471.
LaTeX Info: Redefining \sffamily on input line 474.
LaTeX Info: Redefining \ttfamily on input line 477.
LaTeX Info: Redefining \textmc on input line 481.
LaTeX Info: Redefining \textgt on input line 483.
\symmincho=\mathgroup4
LaTeX Font Info:    Overwriting symbol font `mincho' in version `bold'
(Font)                  JY2/mc/m/n --> JY2/gt/m/n on input line 545.
LaTeX Font Info:    Font shape `JT2/mc/m/n' will be
(Font)              scaled to size 9.24683pt on input line 736.
LaTeX Font Info:    Font shape `JY2/mc/m/n' will be
(Font)              scaled to size 9.24683pt on input line 736.
\fullwidth=\dimen120
LaTeX Font Info:    Font shape `JT2/mc/m/n' will be
(Font)              scaled to size 7.39746pt on input line 897.
LaTeX Font Info:    Font shape `JY2/mc/m/n' will be
(Font)              scaled to size 7.39746pt on input line 897.
\c@part=\count83
\c@chapter=\count84
\c@section=\count85
\c@subsection=\count86
\c@subsubsection=\count87
\c@paragraph=\count88
\c@subparagraph=\count89
\c@figure=\count90
\c@table=\count91
\abovecaptionskip=\skip42
\belowcaptionskip=\skip43
\jsc@tocl@width=\dimen121
\@lnumwidth=\dimen122
\bibindent=\dimen123
(/usr/local/texlive/2019/texmf-dist/tex/platex/jsclasses/jslogo.sty
Package: jslogo 2017/02/24 okumura, texjporg
LaTeX Info: Redefining \TeX on input line 94.
LaTeX Info: Redefining \LaTeX on input line 147.
LaTeX Info: Redefining \LaTeXe on input line 200.
)
\heisei=\count92
)
(/Users/bolte/Desktop/my_palace/プログラミングなど/深層学習/卒業
論文/settings.ltx
(/usr/local/texlive/2019/texmf-dist/tex/latex/amsmath/amsmath.sty
Package: amsmath 2018/12/01 v2.17b AMS math features
\@mathmargin=\skip44

For additional information on amsmath, use the `?' option.
(/usr/local/texlive/2019/texmf-dist/tex/latex/amsmath/amstext.sty
Package: amstext 2000/06/29 v2.01 AMS text

(/usr/local/texlive/2019/texmf-dist/tex/latex/amsmath/amsgen.sty
File: amsgen.sty 1999/11/30 v2.0 generic functions
\@emptytoks=\toks15
\ex@=\dimen124
))
(/usr/local/texlive/2019/texmf-dist/tex/latex/amsmath/amsbsy.sty
Package: amsbsy 1999/11/29 v1.2d Bold Symbols
\pmbraise@=\dimen125
)
(/usr/local/texlive/2019/texmf-dist/tex/latex/amsmath/amsopn.sty
Package: amsopn 2016/03/08 v2.02 operator names
)
\inf@bad=\count93
LaTeX Info: Redefining \frac on input line 223.
\uproot@=\count94
\leftroot@=\count95
LaTeX Info: Redefining \overline on input line 385.
\classnum@=\count96
\DOTSCASE@=\count97
LaTeX Info: Redefining \ldots on input line 482.
LaTeX Info: Redefining \dots on input line 485.
LaTeX Info: Redefining \cdots on input line 606.
\Mathstrutbox@=\box43
\strutbox@=\box44
\big@size=\dimen126
LaTeX Font Info:    Redeclaring font encoding OML on input line 729.
LaTeX Font Info:    Redeclaring font encoding OMS on input line 730.
\macc@depth=\count98
\c@MaxMatrixCols=\count99
\dotsspace@=\muskip10
\c@parentequation=\count100
\dspbrk@lvl=\count101
\tag@help=\toks16
\row@=\count102
\column@=\count103
\maxfields@=\count104
\andhelp@=\toks17
\eqnshift@=\dimen127
\alignsep@=\dimen128
\tagshift@=\dimen129
\tagwidth@=\dimen130
\totwidth@=\dimen131
\lineht@=\dimen132
\@envbody=\toks18
\multlinegap=\skip45
\multlinetaggap=\skip46
\mathdisplay@stack=\toks19
LaTeX Info: Redefining \[ on input line 2844.
LaTeX Info: Redefining \] on input line 2845.
)
(/usr/local/texlive/2019/texmf-dist/tex/latex/amsfonts/amssymb.sty
Package: amssymb 2013/01/14 v3.01 AMS font symbols

(/usr/local/texlive/2019/texmf-dist/tex/latex/amsfonts/amsfonts.sty
Package: amsfonts 2013/01/14 v3.01 Basic AMSFonts support
\symAMSa=\mathgroup5
\symAMSb=\mathgroup6
LaTeX Font Info:    Overwriting math alphabet `\mathfrak' in version `bold'
(Font)                  U/euf/m/n --> U/euf/b/n on input line 106.
))
(/usr/local/texlive/2019/texmf-dist/tex/latex/tools/bm.sty
Package: bm 2017/01/16 v1.2c Bold Symbol Support (DPC/FMi)
\symboldoperators=\mathgroup7
\symboldletters=\mathgroup8
\symboldsymbols=\mathgroup9
\symboldmincho=\mathgroup10
LaTeX Font Info:    Redeclaring math alphabet \mathbf on input line 141.
LaTeX Info: Redefining \bm on input line 207.
)
(/usr/local/texlive/2019/texmf-dist/tex/latex/graphics/graphicx.sty
Package: graphicx 2017/06/01 v1.1a Enhanced LaTeX Graphics (DPC,SPQR)

(/usr/local/texlive/2019/texmf-dist/tex/latex/graphics/keyval.sty
Package: keyval 2014/10/28 v1.15 key=value parser (DPC)
\KV@toks@=\toks20
)
(/usr/local/texlive/2019/texmf-dist/tex/latex/graphics/graphics.sty
Package: graphics 2017/06/25 v1.2c Standard LaTeX Graphics (DPC,SPQR)

(/usr/local/texlive/2019/texmf-dist/tex/latex/graphics/trig.sty
Package: trig 2016/01/03 v1.10 sin cos tan (DPC)
)
(/usr/local/texlive/2019/texmf-dist/tex/latex/graphics-cfg/graphics.cfg
File: graphics.cfg 2016/06/04 v1.11 sample graphics configuration
)
Package graphics Info: Driver file: dvipdfmx.def on input line 99.

(/usr/local/texlive/2019/texmf-dist/tex/latex/graphics-def/dvipdfmx.def
File: dvipdfmx.def 2017/06/24 v5.0g Graphics/color driver for dvipdfmx
))
\Gin@req@height=\dimen133
\Gin@req@width=\dimen134
)
(/usr/local/texlive/2019/texmf-dist/tex/latex/graphics/color.sty
Package: color 2016/07/10 v1.1e Standard LaTeX Color (DPC)

(/usr/local/texlive/2019/texmf-dist/tex/latex/graphics-cfg/color.cfg
File: color.cfg 2016/01/02 v1.6 sample color configuration
)
Package color Info: Driver file: dvipdfmx.def on input line 147.

(/usr/local/texlive/2019/texmf-dist/tex/latex/graphics/dvipsnam.def
File: dvipsnam.def 2016/06/17 v3.0m Driver-dependent file (DPC,SPQR)
))
(/usr/local/texlive/2019/texmf-dist/tex/latex/subfigure/subfigure.sty
Package: subfigure 2002/03/15 v2.1.5 subfigure package
\subfigtopskip=\skip47
\subfigcapskip=\skip48
\subfigcaptopadj=\dimen135
\subfigbottomskip=\skip49
\subfigcapmargin=\dimen136
\subfiglabelskip=\skip50
\c@subfigure=\count105
\c@lofdepth=\count106
\c@subtable=\count107
\c@lotdepth=\count108

****************************************
* Local config file subfigure.cfg used *
****************************************
(/usr/local/texlive/2019/texmf-dist/tex/latex/subfigure/subfigure.cfg)
\subfig@top=\skip51
\subfig@bottom=\skip52
)
(/usr/local/texlive/2019/texmf-dist/tex/latex/tools/verbatim.sty
Package: verbatim 2014/10/28 v1.5q LaTeX2e package for verbatim enhancements
\every@verbatim=\toks21
\verbatim@line=\toks22
\verbatim@in@stream=\read1
)
(/usr/local/texlive/2019/texmf-dist/tex/latex/wrapfig/wrapfig.sty
\wrapoverhang=\dimen137
\WF@size=\dimen138
\c@WF@wrappedlines=\count109
\WF@box=\box45
\WF@everypar=\toks23
Package: wrapfig 2003/01/31  v 3.6
)
(/usr/local/texlive/2019/texmf-dist/tex/latex/ascmac/ascmac.sty
Package: ascmac 2018/03/09 v2.0h ascmac wrapper (community edition) 

(/usr/local/texlive/2019/texmf-dist/tex/latex/ascmac/tascmac.sty
Package: tascmac 2018/03/09 v2.0h ascmac package (community edition) 
\@savetbaselineshift=\dimen139
\@saveybaselineshift=\dimen140
\scb@x=\box46
\scscb@x=\box47
\@bw=\dimen141
\@nbox=\box48
\@nbody=\box49
\@scw=\dimen142
\ascmac@hoboxa=\box50
\ascmac@hoboxb=\box51
\@itemh=\dimen143
\@iboxpos=\toks24
\@iboxstr=\box52
\@bwsp=\box53
\@@bwsp=\box54
\@bcal=\count110
\shaderule=\dimen144
))
(/usr/local/texlive/2019/texmf-dist/tex/latex/base/makeidx.sty
Package: makeidx 2014/09/29 v1.0m Standard LaTeX package
)
(/usr/local/texlive/2019/texmf-dist/tex/latex/physics/physics.sty
Package: physics 

(/usr/local/texlive/2019/texmf-dist/tex/latex/l3packages/xparse/xparse.sty
(/usr/local/texlive/2019/texmf-dist/tex/latex/l3kernel/expl3.sty
Package: expl3 2019-05-07 L3 programming layer (loader) 

(/usr/local/texlive/2019/texmf-dist/tex/latex/l3kernel/expl3-code.tex
Package: expl3 2019-05-07 L3 programming layer (code)
\c_max_int=\count111
\l_tmpa_int=\count112
\l_tmpb_int=\count113
\g_tmpa_int=\count114
\g_tmpb_int=\count115
\g__kernel_prg_map_int=\count116
\c__ior_term_ior=\count117
\c_log_iow=\count118
\l_iow_line_count_int=\count119
\l__iow_line_target_int=\count120
\l__iow_one_indent_int=\count121
\l__iow_indent_int=\count122
\c_zero_dim=\dimen145
\c_max_dim=\dimen146
\l_tmpa_dim=\dimen147
\l_tmpb_dim=\dimen148
\g_tmpa_dim=\dimen149
\g_tmpb_dim=\dimen150
\c_zero_skip=\skip53
\c_max_skip=\skip54
\l_tmpa_skip=\skip55
\l_tmpb_skip=\skip56
\g_tmpa_skip=\skip57
\g_tmpb_skip=\skip58
\c_zero_muskip=\muskip11
\c_max_muskip=\muskip12
\l_tmpa_muskip=\muskip13
\l_tmpb_muskip=\muskip14
\g_tmpa_muskip=\muskip15
\g_tmpb_muskip=\muskip16
\l_keys_choice_int=\count123
\l__intarray_loop_int=\count124
\c__intarray_sp_dim=\dimen151
\g__intarray_font_int=\count125
\c__fp_leading_shift_int=\count126
\c__fp_middle_shift_int=\count127
\c__fp_trailing_shift_int=\count128
\c__fp_big_leading_shift_int=\count129
\c__fp_big_middle_shift_int=\count130
\c__fp_big_trailing_shift_int=\count131
\c__fp_Bigg_leading_shift_int=\count132
\c__fp_Bigg_middle_shift_int=\count133
\c__fp_Bigg_trailing_shift_int=\count134
\g__fp_array_int=\count135
\l__fp_array_loop_int=\count136
\l__sort_length_int=\count137
\l__sort_min_int=\count138
\l__sort_top_int=\count139
\l__sort_max_int=\count140
\l__sort_true_max_int=\count141
\l__sort_block_int=\count142
\l__sort_begin_int=\count143
\l__sort_end_int=\count144
\l__sort_A_int=\count145
\l__sort_B_int=\count146
\l__sort_C_int=\count147
\l__tl_analysis_normal_int=\count148
\l__tl_analysis_index_int=\count149
\l__tl_analysis_nesting_int=\count150
\l__tl_analysis_type_int=\count151
\l__regex_internal_a_int=\count152
\l__regex_internal_b_int=\count153
\l__regex_internal_c_int=\count154
\l__regex_balance_int=\count155
\l__regex_group_level_int=\count156
\l__regex_mode_int=\count157
\c__regex_cs_in_class_mode_int=\count158
\c__regex_cs_mode_int=\count159
\l__regex_catcodes_int=\count160
\l__regex_default_catcodes_int=\count161
\c__regex_catcode_L_int=\count162
\c__regex_catcode_O_int=\count163
\c__regex_catcode_A_int=\count164
\c__regex_all_catcodes_int=\count165
\l__regex_show_lines_int=\count166
\l__regex_min_state_int=\count167
\l__regex_max_state_int=\count168
\l__regex_left_state_int=\count169
\l__regex_right_state_int=\count170
\l__regex_capturing_group_int=\count171
\l__regex_min_pos_int=\count172
\l__regex_max_pos_int=\count173
\l__regex_curr_pos_int=\count174
\l__regex_start_pos_int=\count175
\l__regex_success_pos_int=\count176
\l__regex_curr_char_int=\count177
\l__regex_curr_catcode_int=\count178
\l__regex_last_char_int=\count179
\l__regex_case_changed_char_int=\count180
\l__regex_curr_state_int=\count181
\l__regex_step_int=\count182
\l__regex_min_active_int=\count183
\l__regex_max_active_int=\count184
\l__regex_replacement_csnames_int=\count185
\l__regex_match_count_int=\count186
\l__regex_min_submatch_int=\count187
\l__regex_submatch_int=\count188
\l__regex_zeroth_submatch_int=\count189
\g__regex_trace_regex_int=\count190
\c_empty_box=\box55
\l_tmpa_box=\box56
\l_tmpb_box=\box57
\g_tmpa_box=\box58
\g_tmpb_box=\box59
\l__box_top_dim=\dimen152
\l__box_bottom_dim=\dimen153
\l__box_left_dim=\dimen154
\l__box_right_dim=\dimen155
\l__box_top_new_dim=\dimen156
\l__box_bottom_new_dim=\dimen157
\l__box_left_new_dim=\dimen158
\l__box_right_new_dim=\dimen159
\l__box_internal_box=\box60
\l__coffin_internal_box=\box61
\l__coffin_internal_dim=\dimen160
\l__coffin_offset_x_dim=\dimen161
\l__coffin_offset_y_dim=\dimen162
\l__coffin_x_dim=\dimen163
\l__coffin_y_dim=\dimen164
\l__coffin_x_prime_dim=\dimen165
\l__coffin_y_prime_dim=\dimen166
\c_empty_coffin=\box62
\l__coffin_aligned_coffin=\box63
\l__coffin_aligned_internal_coffin=\box64
\l_tmpa_coffin=\box65
\l_tmpb_coffin=\box66
\g_tmpa_coffin=\box67
\g_tmpb_coffin=\box68
\l__coffin_bounding_shift_dim=\dimen167
\l__coffin_left_corner_dim=\dimen168
\l__coffin_right_corner_dim=\dimen169
\l__coffin_bottom_corner_dim=\dimen170
\l__coffin_top_corner_dim=\dimen171
\l__coffin_scaled_total_height_dim=\dimen172
\l__coffin_scaled_width_dim=\dimen173
\c__coffin_empty_coffin=\box69
\l__coffin_display_coffin=\box70
\l__coffin_display_coord_coffin=\box71
\l__coffin_display_pole_coffin=\box72
\l__coffin_display_offset_dim=\dimen174
\l__coffin_display_x_dim=\dimen175
\l__coffin_display_y_dim=\dimen176
\g__file_internal_ior=\read2
\l__seq_internal_a_int=\count191
\l__seq_internal_b_int=\count192
\c__deprecation_minus_one=\count193
)
(/usr/local/texlive/2019/texmf-dist/tex/latex/l3kernel/l3dvipdfmx.def
File: l3dvipdfmx.def 2019-04-06 v L3 Experimental driver: dvipdfmx
\g__driver_image_int=\count194
\l__driver_pdf_tmp_box=\box73
\g__driver_pdf_object_int=\count195
\g__driver_pdf_annotation_int=\count196
))
Package: xparse 2019-05-03 L3 Experimental document command parser
\l__xparse_current_arg_int=\count197
\g__xparse_grabber_int=\count198
\l__xparse_m_args_int=\count199
\l__xparse_v_nesting_int=\count266
))
(/usr/local/texlive/2019/texmf-dist/tex/latex/mathtools/empheq.sty
Package: empheq 2017/03/31 v2.15 Emphasizing equations

(/usr/local/texlive/2019/texmf-dist/tex/latex/mathtools/mhsetup.sty
Package: mhsetup 2017/03/31 v1.3 programming setup (MH)
)
(/usr/local/texlive/2019/texmf-dist/tex/latex/mathtools/mathtools.sty
Package: mathtools 2018/01/08 v1.21 mathematical typesetting tools

(/usr/local/texlive/2019/texmf-dist/tex/latex/tools/calc.sty
Package: calc 2017/05/25 v4.3 Infix arithmetic (KKT,FJ)
\calc@Acount=\count267
\calc@Bcount=\count268
\calc@Adimen=\dimen177
\calc@Bdimen=\dimen178
\calc@Askip=\skip59
\calc@Bskip=\skip60
LaTeX Info: Redefining \setlength on input line 80.
LaTeX Info: Redefining \addtolength on input line 81.
\calc@Ccount=\count269
\calc@Cskip=\skip61
)
LaTeX Info: Thecontrolsequence`\('isalreadyrobust on input line 129.
LaTeX Info: Thecontrolsequence`\)'isalreadyrobust on input line 129.
LaTeX Info: Thecontrolsequence`\['isalreadyrobust on input line 129.
LaTeX Info: Thecontrolsequence`\]'isalreadyrobust on input line 129.
\g_MT_multlinerow_int=\count270
\l_MT_multwidth_dim=\dimen179
\origjot=\skip62
\l_MT_shortvdotswithinadjustabove_dim=\dimen180
\l_MT_shortvdotswithinadjustbelow_dim=\dimen181
\l_MT_above_intertext_sep=\dimen182
\l_MT_below_intertext_sep=\dimen183
\l_MT_above_shortintertext_sep=\dimen184
\l_MT_below_shortintertext_sep=\dimen185
)
\l_EQ_equationtype_int=\count271
\l_EQ_alignmentmode_int=\count272
\l_EQ_totalwidth_dim=\dimen186
\l_EQ_displaywidth_dim=\dimen187
\l_EQ_temp_linewidth_dim=\dimen188
\EmphEqdelimitershortfall=\dimen189
\EmphEqdelimiterfactor=\count273
\g_EQ_toptag_height_dim=\dimen190
\g_EQ_bottomtag_depth_dim=\dimen191
\g_EQ_toprow_height_dim=\dimen192
\g_EQ_bottomrow_depth_dim=\dimen193
\g_EQ_widesttag_dim=\dimen194
\EQ_mathdisplay_box=\box74
\EQ_tag_box=\box75
\g_EQ_temprow_int=\count274
)
\@indexfile=\write3
\openout3 = `chapter-a-a.idx'.


Writing index file chapter-a-a.idx
) (./chapter-a-a.aux)
\openout1 = `chapter-a-a.aux'.

LaTeX Font Info:    Checking defaults for OML/cmm/m/it on input line 5.
LaTeX Font Info:    ... okay on input line 5.
LaTeX Font Info:    Checking defaults for T1/cmr/m/n on input line 5.
LaTeX Font Info:    ... okay on input line 5.
LaTeX Font Info:    Checking defaults for OT1/cmr/m/n on input line 5.
LaTeX Font Info:    ... okay on input line 5.
LaTeX Font Info:    Checking defaults for OMS/cmsy/m/n on input line 5.
LaTeX Font Info:    ... okay on input line 5.
LaTeX Font Info:    Checking defaults for OMX/cmex/m/n on input line 5.
LaTeX Font Info:    ... okay on input line 5.
LaTeX Font Info:    Checking defaults for U/cmr/m/n on input line 5.
LaTeX Font Info:    ... okay on input line 5.
LaTeX Font Info:    Checking defaults for JY2/mc/m/n on input line 5.
LaTeX Font Info:    ... okay on input line 5.
LaTeX Font Info:    Checking defaults for JT2/mc/m/n on input line 5.
LaTeX Font Info:    ... okay on input line 5.
\Hy@linkcounter=\count275

第1章
LaTeX Font Info:    Font shape `JT2/mc/m/n' will be
(Font)              scaled to size 19.17792pt on input line 6.
LaTeX Font Info:    Font shape `JY2/mc/m/n' will be
(Font)              scaled to size 19.17792pt on input line 6.
LaTeX Font Info:    Font shape `JT2/gt/m/n' will be
(Font)              scaled to size 19.17792pt on input line 6.
LaTeX Font Info:    Font shape `JY2/gt/m/n' will be
(Font)              scaled to size 19.17792pt on input line 6.
LaTeX Font Info:    Font shape `JT2/gt/m/n' will be
(Font)              scaled to size 23.0061pt on input line 6.
LaTeX Font Info:    Font shape `JY2/gt/m/n' will be
(Font)              scaled to size 23.0061pt on input line 6.
LaTeX Font Info:    Font shape `JT2/mc/m/n' will be
(Font)              scaled to size 13.31541pt on input line 10.
LaTeX Font Info:    Font shape `JY2/mc/m/n' will be
(Font)              scaled to size 13.31541pt on input line 10.
LaTeX Font Info:    Font shape `JT2/gt/m/n' will be
(Font)              scaled to size 13.31541pt on input line 10.
LaTeX Font Info:    Font shape `JY2/gt/m/n' will be
(Font)              scaled to size 13.31541pt on input line 10.
LaTeX Font Info:    Font shape `JT2/mc/m/n' will be
(Font)              scaled to size 11.09619pt on input line 11.
LaTeX Font Info:    Font shape `JY2/mc/m/n' will be
(Font)              scaled to size 11.09619pt on input line 11.
LaTeX Font Info:    Font shape `JT2/gt/m/n' will be
(Font)              scaled to size 11.09619pt on input line 11.
LaTeX Font Info:    Font shape `JY2/gt/m/n' will be
(Font)              scaled to size 11.09619pt on input line 11.
LaTeX Font Info:    Font shape `JY2/mc/m/n' will be
(Font)              scaled to size 6.47278pt on input line 12.
LaTeX Font Info:    Font shape `JY2/mc/m/n' will be
(Font)              scaled to size 4.62341pt on input line 12.
LaTeX Font Info:    Try loading font information for U+msa on input line 12.
(/usr/local/texlive/2019/texmf-dist/tex/latex/amsfonts/umsa.fd
File: umsa.fd 2013/01/14 v3.01 AMS symbols A
)
LaTeX Font Info:    Try loading font information for U+msb on input line 12.

(/usr/local/texlive/2019/texmf-dist/tex/latex/amsfonts/umsb.fd
File: umsb.fd 2013/01/14 v3.01 AMS symbols B
)
LaTeX Font Info:    Font shape `JY2/gt/m/n' will be
(Font)              scaled to size 9.24683pt on input line 12.
LaTeX Font Info:    Font shape `JY2/gt/m/n' will be
(Font)              scaled to size 6.47278pt on input line 12.
LaTeX Font Info:    Font shape `JY2/gt/m/n' will be
(Font)              scaled to size 4.62341pt on input line 12.
LaTeX Font Info:    Font shape `JT2/mc/bx/n' in size <10> not available
(Font)              Font shape `JT2/gt/m/n' tried instead on input line 29.
LaTeX Font Info:    Font shape `JT2/gt/m/n' will be
(Font)              scaled to size 9.24683pt on input line 29.
LaTeX Font Info:    Font shape `JY2/mc/bx/n' in size <10> not available
(Font)              Font shape `JY2/gt/m/n' tried instead on input line 29.
LaTeX Font Info:    Font shape `JY2/gt/m/n' will be
(Font)              scaled to size 9.24683pt on input line 29.
 [1


] [2]
LaTeX Font Info:    Try loading font information for OMS+cmr on input line 91.

(/usr/local/texlive/2019/texmf-dist/tex/latex/base/omscmr.fd
File: omscmr.fd 2014/09/29 v2.5h Standard LaTeX font definitions
)
LaTeX Font Info:    Font shape `OMS/cmr/m/n' in size <10> not available
(Font)              Font shape `OMS/cmsy/m/n' tried instead on input line 91.
 [3] [4] [5]
File: /Users/bolte/Desktop/my_palace/プログラミングなど/深層学習/
卒業論文/fig/fig-shannon_entropy.png Graphic file (type bmp)
</Users/bolte/Desktop/my_palace/プログラミングなど/深層学習/卒業
論文/fig/fig-shannon_entropy.png>
LaTeX Font Info:    Font shape `JT2/mc/m/n' will be
(Font)              scaled to size 8.32214pt on input line 170.
LaTeX Font Info:    Font shape `JY2/mc/m/n' will be
(Font)              scaled to size 8.32214pt on input line 170.

[6] [7] (./chapter-a-a.aux) ) 
Here is how much of TeX's memory you used:
 13330 strings out of 493212
 239266 string characters out of 6144391
 289348 words of memory out of 5000000
 17256 multiletter control sequences out of 15000+600000
 547024 words of font info for 98 fonts, out of 8000000 for 9000
 934 hyphenation exceptions out of 8191
 42i,15n,50p,849b,318s stack positions out of 5000i,500n,10000p,200000b,80000s

Output written on chapter-a-a.dvi (7 pages, 28452 bytes).
